INFO:root:User ryanschwartz registered at 2020-05-12 01:05:22.753552 

INFO:root:User ryanschwartz logged in at 2020-05-12 01:05:22.754132 

INFO:root:User diana30 registered at 2020-05-12 01:05:22.830996 

INFO:root:User diana30 logged in at 2020-05-12 01:05:22.831601 

INFO:root:User kim75 registered at 2020-05-12 01:05:22.887018 

INFO:root:User kim75 logged in at 2020-05-12 01:05:22.887573 

INFO:root:User michael31 registered at 2020-05-12 01:05:22.953386 

INFO:root:User michael31 logged in at 2020-05-12 01:05:22.954038 

INFO:root:User rhonda96 registered at 2020-05-12 01:05:23.008649 

INFO:root:User rhonda96 logged in at 2020-05-12 01:05:23.009177 

INFO:root:User 16 signed out at 2020-05-12 01:05:23.064262 

INFO:root:
EVENT: User ryanschwartz signed out | 2020-05-12 01:05:23.065188
INFO:root:
EVENT: User ryanschwartz sent spam message: "Word knowledge accept indeed apply under sound body break trouble." | 2020-05-12 01:05:23.168810
INFO:root:User 20 signed out at 2020-05-12 01:05:23.196957 

INFO:root:
EVENT: User rhonda96 signed out | 2020-05-12 01:05:23.198274
INFO:root:User 18 signed out at 2020-05-12 01:05:23.330052 

INFO:root:
EVENT: User kim75 signed out | 2020-05-12 01:05:23.331349
INFO:root:User 19 signed out at 2020-05-12 01:05:23.374448 

INFO:root:
EVENT: User michael31 signed out | 2020-05-12 01:05:23.375417
INFO:root:
EVENT: User michael31 sent spam message: "Item special shake visit let subject week." | 2020-05-12 01:05:23.401027
INFO:root:User 17 signed out at 2020-05-12 01:05:23.418743 

INFO:root:
EVENT: User diana30 signed out | 2020-05-12 01:05:23.419505
INFO:root:
EVENT: User michael31 sent spam message: "Very write television agree mind decision other its company yard." | 2020-05-12 01:05:26.180929
