INFO:root:User steven66 registered at 2020-04-09 18:09:20.454372 

INFO:root:User steven66 logged in at 2020-04-09 18:09:20.454800 

INFO:root:User thomascrystal registered at 2020-04-09 18:09:20.456092 

INFO:root:User thomascrystal logged in at 2020-04-09 18:09:20.456574 

INFO:root:User michael93 registered at 2020-04-09 18:09:20.457816 

INFO:root:User michael93 logged in at 2020-04-09 18:09:20.458110 

INFO:root:User michael48 registered at 2020-04-09 18:09:20.459246 

INFO:root:User michael48 logged in at 2020-04-09 18:09:20.459515 

INFO:root:User chamberssusan registered at 2020-04-09 18:09:20.460553 

INFO:root:User chamberssusan logged in at 2020-04-09 18:09:20.460821 

INFO:root:User admin registered at 2020-04-09 18:09:26.203206 

INFO:root:User admin logged in at 2020-04-09 18:09:28.366059 

INFO:root:User 6 signed out at 2020-04-09 18:09:48.158241 

INFO:root:User 1 signed out at 2020-04-09 18:09:50.505600 

INFO:root:User 2 signed out at 2020-04-09 18:09:50.524044 

INFO:root:User 3 signed out at 2020-04-09 18:09:50.537189 

INFO:root:User 4 signed out at 2020-04-09 18:09:50.546448 

INFO:root:User 5 signed out at 2020-04-09 18:09:50.553150 

INFO:root:User michael48 logged in at 2020-04-09 18:10:05.735256 

INFO:root:User 4 signed out at 2020-04-09 18:10:23.555879 

