<<<<<<< HEAD
INFO:root:User sreese registered at 2020-04-15 13:16:00.279462 

INFO:root:User sreese logged in at 2020-04-15 13:16:00.280356 

INFO:root:User fullergary registered at 2020-04-15 13:16:00.281935 

INFO:root:User fullergary logged in at 2020-04-15 13:16:00.282225 

INFO:root:User kimberlycollins registered at 2020-04-15 13:16:00.283761 

INFO:root:User kimberlycollins logged in at 2020-04-15 13:16:00.284270 

INFO:root:User novakmarie registered at 2020-04-15 13:16:00.285368 

INFO:root:User novakmarie logged in at 2020-04-15 13:16:00.285763 

INFO:root:User darlene62 registered at 2020-04-15 13:16:00.286824 

INFO:root:User darlene62 logged in at 2020-04-15 13:16:00.287175 

INFO:root:User 1 signed out at 2020-04-15 13:16:07.184266 

INFO:root:User admin registered at 2020-04-15 13:16:08.054835 

INFO:root:User 5 signed out at 2020-04-15 13:16:12.452895 

INFO:root:User user registered at 2020-04-15 13:16:17.165424 

INFO:root:User user logged in at 2020-04-15 13:16:20.559095 

INFO:root:User 3 signed out at 2020-04-15 13:16:22.015718 

INFO:root:User 4 signed out at 2020-04-15 13:16:24.839300 

INFO:root:User 2 signed out at 2020-04-15 13:16:25.227001 

INFO:root:User 7 signed out at 2020-04-15 13:16:33.780038 

INFO:root:User kmendez registered at 2020-04-15 14:11:22.373872 

INFO:root:User kmendez logged in at 2020-04-15 14:11:22.374529 

INFO:root:User fnorman registered at 2020-04-15 14:11:22.376135 

INFO:root:User fnorman logged in at 2020-04-15 14:11:22.376551 

INFO:root:User rhughes registered at 2020-04-15 14:11:22.377908 

INFO:root:User rhughes logged in at 2020-04-15 14:11:22.378179 

INFO:root:User hector43 registered at 2020-04-15 14:11:22.379606 

INFO:root:User hector43 logged in at 2020-04-15 14:11:22.379996 

INFO:root:User tbradford registered at 2020-04-15 14:11:22.381329 

INFO:root:User tbradford logged in at 2020-04-15 14:11:22.381763 

INFO:root:User admin logged in at 2020-04-15 14:11:27.660938 

INFO:root:User 9 signed out at 2020-04-15 14:11:33.775240 

INFO:root:User 11 signed out at 2020-04-15 14:11:36.504204 

INFO:root:User 10 signed out at 2020-04-15 14:11:38.796274 

INFO:root:User 12 signed out at 2020-04-15 14:11:46.455502 

INFO:root:User 8 signed out at 2020-04-15 14:11:52.539421 

INFO:root:User 6 signed out at 2020-04-15 14:11:58.684892 

INFO:root:User paul92 registered at 2020-04-15 14:17:58.037838 

INFO:root:User paul92 logged in at 2020-04-15 14:17:58.038353 

INFO:root:User stephanie61 registered at 2020-04-15 14:17:58.040005 

INFO:root:User stephanie61 logged in at 2020-04-15 14:17:58.040618 

INFO:root:User tcarter registered at 2020-04-15 14:17:58.042140 

INFO:root:User tcarter logged in at 2020-04-15 14:17:58.042748 

INFO:root:User jacquelineallen registered at 2020-04-15 14:17:58.044027 

INFO:root:User jacquelineallen logged in at 2020-04-15 14:17:58.044426 

INFO:root:User zcummings registered at 2020-04-15 14:17:58.045604 

INFO:root:User zcummings logged in at 2020-04-15 14:17:58.045932 

INFO:root:User 16 signed out at 2020-04-15 14:18:00.182254 

INFO:root:User admin logged in at 2020-04-15 14:18:02.786231 

INFO:root:User 6 signed out at 2020-04-15 14:18:07.199560 

INFO:root:User 13 signed out at 2020-04-15 14:18:08.152692 

INFO:root:User 14 signed out at 2020-04-15 14:18:08.187534 

INFO:root:User 13 signed out at 2020-04-15 14:18:08.196858 

INFO:root:User 15 signed out at 2020-04-15 14:18:08.206695 

INFO:root:User 14 signed out at 2020-04-15 14:18:08.209977 

INFO:root:User 17 signed out at 2020-04-15 14:18:08.210603 

INFO:root:User 15 signed out at 2020-04-15 14:18:08.215855 

INFO:root:User 17 signed out at 2020-04-15 14:18:08.218089 

=======
>>>>>>> 19e41781022cd7677c8dc73fa74df62e6d34222c
